<?xml version="1.0" encoding="UTF-8"?>
<testsuite name="com.automaticexpense.tracker.domain.SmsTransactionParserTest" tests="3" skipped="0" failures="0" errors="0" timestamp="2026-08-18T12:50:54" hostname="predator" time="0.004">
  <properties/>
  <testcase name="shouldParseValidBankDebitSmsIntoTransactionEvent()" classname="com.automaticexpense.tracker.domain.SmsTransactionParserTest" time="0.001"/>
  <testcase name="shouldParseValidCreditSmsIntoTransactionEvent()" classname="com.automaticexpense.tracker.domain.SmsTransactionParserTest" time="0.0"/>
  <testcase name="shouldReturnNullForNonFinancialSms()" classname="com.automaticexpense.tracker.domain.SmsTransactionParserTest" time="0.001"/>
  <system-out><![CDATA[]]></system-out>
  <system-err><![CDATA[]]></system-err>
</testsuite>
