<?xml version="1.0" encoding="UTF-8"?>
<testsuite name="com.automaticexpense.tracker.application.SmsIngestionServiceTest" tests="2" skipped="0" failures="0" errors="0" timestamp="2026-07-26T12:28:27" hostname="predator" time="0.012">
  <properties/>
  <testcase name="shouldNotSaveNonFinancialSms()" classname="com.automaticexpense.tracker.application.SmsIngestionServiceTest" time="0.004"/>
  <testcase name="shouldParseAndSaveValidSmsTransaction()" classname="com.automaticexpense.tracker.application.SmsIngestionServiceTest" time="0.007"/>
  <system-out><![CDATA[]]></system-out>
  <system-err><![CDATA[]]></system-err>
</testsuite>
