<?xml version="1.0" encoding="UTF-8"?>
<testsuite name="com.automaticexpense.tracker.domain.SmsTransactionParserTest" tests="3" skipped="0" failures="0" errors="0" timestamp="2026-07-26T12:28:27" hostname="predator" time="0.007">
  <properties/>
  <testcase name="shouldParseValidBankDebitSmsIntoTransactionEvent()" classname="com.automaticexpense.tracker.domain.SmsTransactionParserTest" time="0.003"/>
  <testcase name="shouldParseValidCreditSmsIntoTransactionEvent()" classname="com.automaticexpense.tracker.domain.SmsTransactionParserTest" time="0.002"/>
  <testcase name="shouldReturnNullForNonFinancialSms()" classname="com.automaticexpense.tracker.domain.SmsTransactionParserTest" time="0.0"/>
  <system-out><![CDATA[]]></system-out>
  <system-err><![CDATA[]]></system-err>
</testsuite>
